# JRE version: Java(TM) SE Runtime Environment (13.0.1+9) (build 13.0.1+9)
# Java VM: Java HotSpot(TM) 64-Bit Server VM (13.0.1+9, mixed mode, sharing, tiered, compressed oops, g1 gc, windows-amd64)
Heap:
 garbage-first heap   total 86016K, used 38820K [0x0000000081c00000, 0x0000000100000000)
  region size 1024K, 10 young (10240K), 1 survivors (1024K)
 Metaspace       used 36414K, capacity 37587K, committed 37888K, reserved 1081344K
  class space    used 4572K, capacity 5030K, committed 5120K, reserved 1048576K
GC Heap History (20 events):
Event: 10.716 GC heap before
{Heap before GC invocations=71 (full 0):
 garbage-first heap   total 86016K, used 42903K [0x0000000081c00000, 0x0000000100000000)
  region size 1024K, 7 young (7168K), 1 survivors (1024K)
 Metaspace       used 36407K, capacity 37587K, committed 37888K, reserved 1081344K
  class space    used 4571K, capacity 5030K, committed 5120K, reserved 1048576K
}
Event: 10.717 GC heap after
{Heap after GC invocations=72 (full 0):
 garbage-first heap   total 86016K, used 19353K [0x0000000081c00000, 0x0000000100000000)
  region size 1024K, 1 young (1024K), 1 survivors (1024K)
 Metaspace       used 36407K, capacity 37587K, committed 37888K, reserved 1081344K
  class space    used 4571K, capacity 5030K, committed 5120K, reserved 1048576K
}
Event: 10.816 GC heap before
{Heap before GC invocations=73 (full 0):
 garbage-first heap   total 86016K, used 39833K [0x0000000081c00000, 0x0000000100000000)
  region size 1024K, 7 young (7168K), 1 survivors (1024K)
 Metaspace       used 36407K, capacity 37587K, committed 37888K, reserved 1081344K
  class space    used 4571K, capacity 5030K, committed 5120K, reserved 1048576K
}
Event: 10.817 GC heap after
{Heap after GC invocations=74 (full 0):
 garbage-first heap   total 86016K, used 22426K [0x0000000081c00000, 0x0000000100000000)
  region size 1024K, 1 young (1024K), 1 survivors (1024K)
 Metaspace       used 36407K, capacity 37587K, committed 37888K, reserved 1081344K
  class space    used 4571K, capacity 5030K, committed 5120K, reserved 1048576K
}
Event: 10.941 GC heap before
{Heap before GC invocations=75 (full 0):
 garbage-first heap   total 86016K, used 37786K [0x0000000081c00000, 0x0000000100000000)
  region size 1024K, 5 young (5120K), 1 survivors (1024K)
 Metaspace       used 36407K, capacity 37587K, committed 37888K, reserved 1081344K
  class space    used 4571K, capacity 5030K, committed 5120K, reserved 1048576K
}
Event: 10.943 GC heap after
{Heap after GC invocations=76 (full 0):
 garbage-first heap   total 86016K, used 22424K [0x0000000081c00000, 0x0000000100000000)
  region size 1024K, 1 young (1024K), 1 survivors (1024K)
 Metaspace       used 36407K, capacity 37587K, committed 37888K, reserved 1081344K
  class space    used 4571K, capacity 5030K, committed 5120K, reserved 1048576K
}
Event: 11.079 GC heap before
{Heap before GC invocations=77 (full 0):
 garbage-first heap   total 86016K, used 37784K [0x0000000081c00000, 0x0000000100000000)
  region size 1024K, 5 young (5120K), 1 survivors (1024K)
 Metaspace       used 36407K, capacity 37587K, committed 37888K, reserved 1081344K
  class space    used 4571K, capacity 5030K, committed 5120K, reserved 1048576K
}
Event: 11.080 GC heap after
{Heap after GC invocations=78 (full 0):
 garbage-first heap   total 86016K, used 22438K [0x0000000081c00000, 0x0000000100000000)
  region size 1024K, 1 young (1024K), 1 survivors (1024K)
 Metaspace       used 36407K, capacity 37587K, committed 37888K, reserved 1081344K
  class space    used 4571K, capacity 5030K, committed 5120K, reserved 1048576K
}
Event: 11.213 GC heap before
{Heap before GC invocations=79 (full 0):
 garbage-first heap   total 86016K, used 37798K [0x0000000081c00000, 0x0000000100000000)
  region size 1024K, 5 young (5120K), 1 survivors (1024K)
 Metaspace       used 36407K, capacity 37587K, committed 37888K, reserved 1081344K
  class space    used 4571K, capacity 5030K, committed 5120K, reserved 1048576K
}
Event: 11.214 GC heap after
{Heap after GC invocations=80 (full 0):
 garbage-first heap   total 86016K, used 22501K [0x0000000081c00000, 0x0000000100000000)
  region size 1024K, 1 young (1024K), 1 survivors (1024K)
 Metaspace       used 36407K, capacity 37587K, committed 37888K, reserved 1081344K
  class space    used 4571K, capacity 5030K, committed 5120K, reserved 1048576K
}
Event: 11.348 GC heap before
{Heap before GC invocations=81 (full 0):
 garbage-first heap   total 86016K, used 37861K [0x0000000081c00000, 0x0000000100000000)
  region size 1024K, 5 young (5120K), 1 survivors (1024K)
 Metaspace       used 36407K, capacity 37587K, committed 37888K, reserved 1081344K
  class space    used 4571K, capacity 5030K, committed 5120K, reserved 1048576K
}
Event: 11.349 GC heap after
{Heap after GC invocations=82 (full 0):
 garbage-first heap   total 86016K, used 22502K [0x0000000081c00000, 0x0000000100000000)
  region size 1024K, 1 young (1024K), 1 survivors (1024K)
 Metaspace       used 36407K, capacity 37587K, committed 37888K, reserved 1081344K
  class space    used 4571K, capacity 5030K, committed 5120K, reserved 1048576K
}
Event: 11.483 GC heap before
{Heap before GC invocations=83 (full 0):
 garbage-first heap   total 86016K, used 37862K [0x0000000081c00000, 0x0000000100000000)
  region size 1024K, 5 young (5120K), 1 survivors (1024K)
 Metaspace       used 36407K, capacity 37587K, committed 37888K, reserved 1081344K
  class space    used 4571K, capacity 5030K, committed 5120K, reserved 1048576K
}
Event: 11.485 GC heap after
{Heap after GC invocations=84 (full 0):
 garbage-first heap   total 86016K, used 22500K [0x0000000081c00000, 0x0000000100000000)
  region size 1024K, 1 young (1024K), 1 survivors (1024K)
 Metaspace       used 36407K, capacity 37587K, committed 37888K, reserved 1081344K
  class space    used 4571K, capacity 5030K, committed 5120K, reserved 1048576K
}
Event: 11.626 GC heap before
{Heap before GC invocations=85 (full 0):
 garbage-first heap   total 86016K, used 37860K [0x0000000081c00000, 0x0000000100000000)
  region size 1024K, 5 young (5120K), 1 survivors (1024K)
 Metaspace       used 36407K, capacity 37587K, committed 37888K, reserved 1081344K
  class space    used 4571K, capacity 5030K, committed 5120K, reserved 1048576K
}
Event: 11.627 GC heap after
{Heap after GC invocations=86 (full 0):
 garbage-first heap   total 86016K, used 22436K [0x0000000081c00000, 0x0000000100000000)
  region size 1024K, 1 young (1024K), 1 survivors (1024K)
 Metaspace       used 36407K, capacity 37587K, committed 37888K, reserved 1081344K
  class space    used 4571K, capacity 5030K, committed 5120K, reserved 1048576K
}
Event: 11.758 GC heap before
{Heap before GC invocations=87 (full 0):
 garbage-first heap   total 86016K, used 37796K [0x0000000081c00000, 0x0000000100000000)
  region size 1024K, 5 young (5120K), 1 survivors (1024K)
 Metaspace       used 36407K, capacity 37587K, committed 37888K, reserved 1081344K
  class space    used 4571K, capacity 5030K, committed 5120K, reserved 1048576K
}
Event: 11.760 GC heap after
{Heap after GC invocations=88 (full 0):
 garbage-first heap   total 86016K, used 22434K [0x0000000081c00000, 0x0000000100000000)
  region size 1024K, 1 young (1024K), 1 survivors (1024K)
 Metaspace       used 36407K, capacity 37587K, committed 37888K, reserved 1081344K
  class space    used 4571K, capacity 5030K, committed 5120K, reserved 1048576K
}
Event: 11.890 GC heap before
{Heap before GC invocations=89 (full 0):
 garbage-first heap   total 86016K, used 37794K [0x0000000081c00000, 0x0000000100000000)
  region size 1024K, 5 young (5120K), 1 survivors (1024K)
 Metaspace       used 36407K, capacity 37587K, committed 37888K, reserved 1081344K
  class space    used 4571K, capacity 5030K, committed 5120K, reserved 1048576K
}
Event: 11.891 GC heap after
{Heap after GC invocations=90 (full 0):
 garbage-first heap   total 86016K, used 22436K [0x0000000081c00000, 0x0000000100000000)
  region size 1024K, 1 young (1024K), 1 survivors (1024K)
 Metaspace       used 36407K, capacity 37587K, committed 37888K, reserved 1081344K
  class space    used 4571K, capacity 5030K, committed 5120K, reserved 1048576K
}

