# JRE version: OpenJDK Runtime Environment (11.0.6+8) (build 11.0.6+8-b520.66)
# Java VM: OpenJDK 64-Bit Server VM (11.0.6+8-b520.66, mixed mode, sharing, tiered, compressed oops, g1 gc, windows-amd64)
Heap:
 garbage-first heap   total 394240K, used 266298K [0x0000000081c00000, 0x0000000100000000)
  region size 1024K, 4 young (4096K), 2 survivors (2048K)
 Metaspace       used 48608K, capacity 50309K, committed 50560K, reserved 1093632K
  class space    used 6094K, capacity 6782K, committed 6784K, reserved 1048576K
GC Heap History (20 events):
Event: 826.629 GC heap before
{Heap before GC invocations=483 (full 1):
 garbage-first heap   total 394240K, used 344462K [0x0000000081c00000, 0x0000000100000000)
  region size 1024K, 110 young (112640K), 0 survivors (0K)
 Metaspace       used 48550K, capacity 50236K, committed 50304K, reserved 1093632K
  class space    used 6086K, capacity 6779K, committed 6784K, reserved 1048576K
}
Event: 826.688 GC heap after
{Heap after GC invocations=484 (full 1):
 garbage-first heap   total 394240K, used 235454K [0x0000000081c00000, 0x0000000100000000)
  region size 1024K, 3 young (3072K), 3 survivors (3072K)
 Metaspace       used 48550K, capacity 50236K, committed 50304K, reserved 1093632K
  class space    used 6086K, capacity 6779K, committed 6784K, reserved 1048576K
}
Event: 831.205 GC heap before
{Heap before GC invocations=485 (full 1):
 garbage-first heap   total 394240K, used 342974K [0x0000000081c00000, 0x0000000100000000)
  region size 1024K, 108 young (110592K), 3 survivors (3072K)
 Metaspace       used 48608K, capacity 50309K, committed 50560K, reserved 1093632K
  class space    used 6094K, capacity 6782K, committed 6784K, reserved 1048576K
}
Event: 831.209 GC heap after
{Heap after GC invocations=486 (full 1):
 garbage-first heap   total 394240K, used 235790K [0x0000000081c00000, 0x0000000100000000)
  region size 1024K, 3 young (3072K), 3 survivors (3072K)
 Metaspace       used 48608K, capacity 50309K, committed 50560K, reserved 1093632K
  class space    used 6094K, capacity 6782K, committed 6784K, reserved 1048576K
}
Event: 831.336 GC heap before
{Heap before GC invocations=486 (full 1):
 garbage-first heap   total 394240K, used 263438K [0x0000000081c00000, 0x0000000100000000)
  region size 1024K, 31 young (31744K), 3 survivors (3072K)
 Metaspace       used 48608K, capacity 50309K, committed 50560K, reserved 1093632K
  class space    used 6094K, capacity 6782K, committed 6784K, reserved 1048576K
}
Event: 831.340 GC heap after
{Heap after GC invocations=487 (full 1):
 garbage-first heap   total 394240K, used 235156K [0x0000000081c00000, 0x0000000100000000)
  region size 1024K, 3 young (3072K), 3 survivors (3072K)
 Metaspace       used 48608K, capacity 50309K, committed 50560K, reserved 1093632K
  class space    used 6094K, capacity 6782K, committed 6784K, reserved 1048576K
}
Event: 831.630 GC heap before
{Heap before GC invocations=488 (full 1):
 garbage-first heap   total 394240K, used 249492K [0x0000000081c00000, 0x0000000100000000)
  region size 1024K, 8 young (8192K), 3 survivors (3072K)
 Metaspace       used 48605K, capacity 50303K, committed 50560K, reserved 1093632K
  class space    used 6093K, capacity 6780K, committed 6784K, reserved 1048576K
}
Event: 831.633 GC heap after
{Heap after GC invocations=489 (full 1):
 garbage-first heap   total 394240K, used 244955K [0x0000000081c00000, 0x0000000100000000)
  region size 1024K, 2 young (2048K), 2 survivors (2048K)
 Metaspace       used 48605K, capacity 50303K, committed 50560K, reserved 1093632K
  class space    used 6093K, capacity 6780K, committed 6784K, reserved 1048576K
}
Event: 831.719 GC heap before
{Heap before GC invocations=490 (full 1):
 garbage-first heap   total 394240K, used 250075K [0x0000000081c00000, 0x0000000100000000)
  region size 1024K, 3 young (3072K), 2 survivors (2048K)
 Metaspace       used 48605K, capacity 50303K, committed 50560K, reserved 1093632K
  class space    used 6093K, capacity 6780K, committed 6784K, reserved 1048576K
}
Event: 831.723 GC heap after
{Heap after GC invocations=491 (full 1):
 garbage-first heap   total 394240K, used 239665K [0x0000000081c00000, 0x0000000100000000)
  region size 1024K, 2 young (2048K), 2 survivors (2048K)
 Metaspace       used 48605K, capacity 50303K, committed 50560K, reserved 1093632K
  class space    used 6093K, capacity 6780K, committed 6784K, reserved 1048576K
}
Event: 831.816 GC heap before
{Heap before GC invocations=492 (full 1):
 garbage-first heap   total 394240K, used 254001K [0x0000000081c00000, 0x0000000100000000)
  region size 1024K, 7 young (7168K), 2 survivors (2048K)
 Metaspace       used 48605K, capacity 50303K, committed 50560K, reserved 1093632K
  class space    used 6093K, capacity 6780K, committed 6784K, reserved 1048576K
}
Event: 831.820 GC heap after
{Heap after GC invocations=493 (full 1):
 garbage-first heap   total 394240K, used 249871K [0x0000000081c00000, 0x0000000100000000)
  region size 1024K, 2 young (2048K), 2 survivors (2048K)
 Metaspace       used 48605K, capacity 50303K, committed 50560K, reserved 1093632K
  class space    used 6093K, capacity 6780K, committed 6784K, reserved 1048576K
}
Event: 831.892 GC heap before
{Heap before GC invocations=494 (full 1):
 garbage-first heap   total 394240K, used 264207K [0x0000000081c00000, 0x0000000100000000)
  region size 1024K, 7 young (7168K), 2 survivors (2048K)
 Metaspace       used 48605K, capacity 50303K, committed 50560K, reserved 1093632K
  class space    used 6093K, capacity 6780K, committed 6784K, reserved 1048576K
}
Event: 831.896 GC heap after
{Heap after GC invocations=495 (full 1):
 garbage-first heap   total 394240K, used 249926K [0x0000000081c00000, 0x0000000100000000)
  region size 1024K, 2 young (2048K), 2 survivors (2048K)
 Metaspace       used 48605K, capacity 50303K, committed 50560K, reserved 1093632K
  class space    used 6093K, capacity 6780K, committed 6784K, reserved 1048576K
}
Event: 831.972 GC heap before
{Heap before GC invocations=496 (full 1):
 garbage-first heap   total 394240K, used 255046K [0x0000000081c00000, 0x0000000100000000)
  region size 1024K, 3 young (3072K), 2 survivors (2048K)
 Metaspace       used 48605K, capacity 50303K, committed 50560K, reserved 1093632K
  class space    used 6093K, capacity 6780K, committed 6784K, reserved 1048576K
}
Event: 831.977 GC heap after
{Heap after GC invocations=497 (full 1):
 garbage-first heap   total 394240K, used 254969K [0x0000000081c00000, 0x0000000100000000)
  region size 1024K, 2 young (2048K), 2 survivors (2048K)
 Metaspace       used 48605K, capacity 50303K, committed 50560K, reserved 1093632K
  class space    used 6093K, capacity 6780K, committed 6784K, reserved 1048576K
}
Event: 832.730 GC heap before
{Heap before GC invocations=498 (full 1):
 garbage-first heap   total 394240K, used 260089K [0x0000000081c00000, 0x0000000100000000)
  region size 1024K, 3 young (3072K), 2 survivors (2048K)
 Metaspace       used 48605K, capacity 50303K, committed 50560K, reserved 1093632K
  class space    used 6093K, capacity 6780K, committed 6784K, reserved 1048576K
}
Event: 832.732 GC heap after
{Heap after GC invocations=499 (full 1):
 garbage-first heap   total 394240K, used 249946K [0x0000000081c00000, 0x0000000100000000)
  region size 1024K, 2 young (2048K), 2 survivors (2048K)
 Metaspace       used 48605K, capacity 50303K, committed 50560K, reserved 1093632K
  class space    used 6093K, capacity 6780K, committed 6784K, reserved 1048576K
}
Event: 832.834 GC heap before
{Heap before GC invocations=500 (full 1):
 garbage-first heap   total 394240K, used 264282K [0x0000000081c00000, 0x0000000100000000)
  region size 1024K, 7 young (7168K), 2 survivors (2048K)
 Metaspace       used 48605K, capacity 50303K, committed 50560K, reserved 1093632K
  class space    used 6093K, capacity 6780K, committed 6784K, reserved 1048576K
}
Event: 832.843 GC heap after
{Heap after GC invocations=501 (full 1):
 garbage-first heap   total 394240K, used 260154K [0x0000000081c00000, 0x0000000100000000)
  region size 1024K, 2 young (2048K), 2 survivors (2048K)
 Metaspace       used 48605K, capacity 50303K, committed 50560K, reserved 1093632K
  class space    used 6093K, capacity 6780K, committed 6784K, reserved 1048576K
}

