# JRE version: OpenJDK Runtime Environment (11.0.6+8) (build 11.0.6+8-b520.66)
# Java VM: OpenJDK 64-Bit Server VM (11.0.6+8-b520.66, mixed mode, sharing, tiered, compressed oops, g1 gc, windows-amd64)
Heap:
 garbage-first heap   total 304128K, used 256109K [0x0000000081c00000, 0x0000000100000000)
  region size 1024K, 11 young (11264K), 1 survivors (1024K)
 Metaspace       used 48181K, capacity 49825K, committed 49920K, reserved 1093632K
  class space    used 5991K, capacity 6637K, committed 6656K, reserved 1048576K
GC Heap History (20 events):
Event: 426.030 GC heap before
{Heap before GC invocations=658 (full 0):
 garbage-first heap   total 304128K, used 270418K [0x0000000081c00000, 0x0000000100000000)
  region size 1024K, 25 young (25600K), 1 survivors (1024K)
 Metaspace       used 48181K, capacity 49825K, committed 49920K, reserved 1093632K
  class space    used 5991K, capacity 6637K, committed 6656K, reserved 1048576K
}
Event: 426.032 GC heap after
{Heap after GC invocations=659 (full 0):
 garbage-first heap   total 304128K, used 246855K [0x0000000081c00000, 0x0000000100000000)
  region size 1024K, 1 young (1024K), 1 survivors (1024K)
 Metaspace       used 48181K, capacity 49825K, committed 49920K, reserved 1093632K
  class space    used 5991K, capacity 6637K, committed 6656K, reserved 1048576K
}
Event: 427.150 GC heap before
{Heap before GC invocations=660 (full 0):
 garbage-first heap   total 304128K, used 271431K [0x0000000081c00000, 0x0000000100000000)
  region size 1024K, 25 young (25600K), 1 survivors (1024K)
 Metaspace       used 48181K, capacity 49825K, committed 49920K, reserved 1093632K
  class space    used 5991K, capacity 6637K, committed 6656K, reserved 1048576K
}
Event: 427.151 GC heap after
{Heap after GC invocations=661 (full 0):
 garbage-first heap   total 304128K, used 246878K [0x0000000081c00000, 0x0000000100000000)
  region size 1024K, 1 young (1024K), 1 survivors (1024K)
 Metaspace       used 48181K, capacity 49825K, committed 49920K, reserved 1093632K
  class space    used 5991K, capacity 6637K, committed 6656K, reserved 1048576K
}
Event: 428.302 GC heap before
{Heap before GC invocations=661 (full 0):
 garbage-first heap   total 304128K, used 270430K [0x0000000081c00000, 0x0000000100000000)
  region size 1024K, 25 young (25600K), 1 survivors (1024K)
 Metaspace       used 48181K, capacity 49825K, committed 49920K, reserved 1093632K
  class space    used 5991K, capacity 6637K, committed 6656K, reserved 1048576K
}
Event: 428.304 GC heap after
{Heap after GC invocations=662 (full 0):
 garbage-first heap   total 304128K, used 246889K [0x0000000081c00000, 0x0000000100000000)
  region size 1024K, 1 young (1024K), 1 survivors (1024K)
 Metaspace       used 48181K, capacity 49825K, committed 49920K, reserved 1093632K
  class space    used 5991K, capacity 6637K, committed 6656K, reserved 1048576K
}
Event: 429.418 GC heap before
{Heap before GC invocations=663 (full 0):
 garbage-first heap   total 304128K, used 270441K [0x0000000081c00000, 0x0000000100000000)
  region size 1024K, 24 young (24576K), 1 survivors (1024K)
 Metaspace       used 48181K, capacity 49825K, committed 49920K, reserved 1093632K
  class space    used 5991K, capacity 6637K, committed 6656K, reserved 1048576K
}
Event: 429.420 GC heap after
{Heap after GC invocations=664 (full 0):
 garbage-first heap   total 304128K, used 246852K [0x0000000081c00000, 0x0000000100000000)
  region size 1024K, 1 young (1024K), 1 survivors (1024K)
 Metaspace       used 48181K, capacity 49825K, committed 49920K, reserved 1093632K
  class space    used 5991K, capacity 6637K, committed 6656K, reserved 1048576K
}
Event: 430.621 GC heap before
{Heap before GC invocations=664 (full 0):
 garbage-first heap   total 304128K, used 269380K [0x0000000081c00000, 0x0000000100000000)
  region size 1024K, 24 young (24576K), 1 survivors (1024K)
 Metaspace       used 48181K, capacity 49825K, committed 49920K, reserved 1093632K
  class space    used 5991K, capacity 6637K, committed 6656K, reserved 1048576K
}
Event: 430.623 GC heap after
{Heap after GC invocations=665 (full 0):
 garbage-first heap   total 304128K, used 246782K [0x0000000081c00000, 0x0000000100000000)
  region size 1024K, 1 young (1024K), 1 survivors (1024K)
 Metaspace       used 48181K, capacity 49825K, committed 49920K, reserved 1093632K
  class space    used 5991K, capacity 6637K, committed 6656K, reserved 1048576K
}
Event: 431.781 GC heap before
{Heap before GC invocations=666 (full 0):
 garbage-first heap   total 304128K, used 269310K [0x0000000081c00000, 0x0000000100000000)
  region size 1024K, 24 young (24576K), 1 survivors (1024K)
 Metaspace       used 48181K, capacity 49825K, committed 49920K, reserved 1093632K
  class space    used 5991K, capacity 6637K, committed 6656K, reserved 1048576K
}
Event: 431.782 GC heap after
{Heap after GC invocations=667 (full 0):
 garbage-first heap   total 304128K, used 246790K [0x0000000081c00000, 0x0000000100000000)
  region size 1024K, 1 young (1024K), 1 survivors (1024K)
 Metaspace       used 48181K, capacity 49825K, committed 49920K, reserved 1093632K
  class space    used 5991K, capacity 6637K, committed 6656K, reserved 1048576K
}
Event: 434.792 GC heap before
{Heap before GC invocations=667 (full 0):
 garbage-first heap   total 304128K, used 269318K [0x0000000081c00000, 0x0000000100000000)
  region size 1024K, 24 young (24576K), 1 survivors (1024K)
 Metaspace       used 48181K, capacity 49825K, committed 49920K, reserved 1093632K
  class space    used 5991K, capacity 6637K, committed 6656K, reserved 1048576K
}
Event: 434.794 GC heap after
{Heap after GC invocations=668 (full 0):
 garbage-first heap   total 304128K, used 246900K [0x0000000081c00000, 0x0000000100000000)
  region size 1024K, 1 young (1024K), 1 survivors (1024K)
 Metaspace       used 48181K, capacity 49825K, committed 49920K, reserved 1093632K
  class space    used 5991K, capacity 6637K, committed 6656K, reserved 1048576K
}
Event: 436.079 GC heap before
{Heap before GC invocations=669 (full 0):
 garbage-first heap   total 304128K, used 270452K [0x0000000081c00000, 0x0000000100000000)
  region size 1024K, 24 young (24576K), 1 survivors (1024K)
 Metaspace       used 48181K, capacity 49825K, committed 49920K, reserved 1093632K
  class space    used 5991K, capacity 6637K, committed 6656K, reserved 1048576K
}
Event: 436.081 GC heap after
{Heap after GC invocations=670 (full 0):
 garbage-first heap   total 304128K, used 246805K [0x0000000081c00000, 0x0000000100000000)
  region size 1024K, 1 young (1024K), 1 survivors (1024K)
 Metaspace       used 48181K, capacity 49825K, committed 49920K, reserved 1093632K
  class space    used 5991K, capacity 6637K, committed 6656K, reserved 1048576K
}
Event: 438.040 GC heap before
{Heap before GC invocations=670 (full 0):
 garbage-first heap   total 304128K, used 270357K [0x0000000081c00000, 0x0000000100000000)
  region size 1024K, 24 young (24576K), 1 survivors (1024K)
 Metaspace       used 48181K, capacity 49825K, committed 49920K, reserved 1093632K
  class space    used 5991K, capacity 6637K, committed 6656K, reserved 1048576K
}
Event: 438.042 GC heap after
{Heap after GC invocations=671 (full 0):
 garbage-first heap   total 304128K, used 246839K [0x0000000081c00000, 0x0000000100000000)
  region size 1024K, 1 young (1024K), 1 survivors (1024K)
 Metaspace       used 48181K, capacity 49825K, committed 49920K, reserved 1093632K
  class space    used 5991K, capacity 6637K, committed 6656K, reserved 1048576K
}
Event: 440.217 GC heap before
{Heap before GC invocations=672 (full 0):
 garbage-first heap   total 304128K, used 269367K [0x0000000081c00000, 0x0000000100000000)
  region size 1024K, 24 young (24576K), 1 survivors (1024K)
 Metaspace       used 48181K, capacity 49825K, committed 49920K, reserved 1093632K
  class space    used 5991K, capacity 6637K, committed 6656K, reserved 1048576K
}
Event: 440.218 GC heap after
{Heap after GC invocations=673 (full 0):
 garbage-first heap   total 304128K, used 246893K [0x0000000081c00000, 0x0000000100000000)
  region size 1024K, 1 young (1024K), 1 survivors (1024K)
 Metaspace       used 48181K, capacity 49825K, committed 49920K, reserved 1093632K
  class space    used 5991K, capacity 6637K, committed 6656K, reserved 1048576K
}

