# JRE version: OpenJDK Runtime Environment (11.0.6+8) (build 11.0.6+8-b520.66)
# Java VM: OpenJDK 64-Bit Server VM (11.0.6+8-b520.66, mixed mode, sharing, tiered, compressed oops, g1 gc, windows-amd64)
Heap:
 garbage-first heap   total 392192K, used 312823K [0x0000000701c00000, 0x0000000800000000)
  region size 1024K, 79 young (80896K), 7 survivors (7168K)
 Metaspace       used 47896K, capacity 49552K, committed 49664K, reserved 1091584K
  class space    used 5970K, capacity 6627K, committed 6656K, reserved 1048576K
GC Heap History (20 events):
Event: 25.501 GC heap before
{Heap before GC invocations=50 (full 0):
 garbage-first heap   total 392192K, used 253757K [0x0000000701c00000, 0x0000000800000000)
  region size 1024K, 25 young (25600K), 2 survivors (2048K)
 Metaspace       used 47338K, capacity 48943K, committed 49024K, reserved 1091584K
  class space    used 5905K, capacity 6516K, committed 6528K, reserved 1048576K
}
Event: 25.503 GC heap after
{Heap after GC invocations=51 (full 0):
 garbage-first heap   total 392192K, used 231777K [0x0000000701c00000, 0x0000000800000000)
  region size 1024K, 3 young (3072K), 3 survivors (3072K)
 Metaspace       used 47338K, capacity 48943K, committed 49024K, reserved 1091584K
  class space    used 5905K, capacity 6516K, committed 6528K, reserved 1048576K
}
Event: 25.754 GC heap before
{Heap before GC invocations=52 (full 0):
 garbage-first heap   total 392192K, used 254305K [0x0000000701c00000, 0x0000000800000000)
  region size 1024K, 4 young (4096K), 3 survivors (3072K)
 Metaspace       used 47338K, capacity 48943K, committed 49024K, reserved 1091584K
  class space    used 5905K, capacity 6516K, committed 6528K, reserved 1048576K
}
Event: 25.756 GC heap after
{Heap after GC invocations=53 (full 0):
 garbage-first heap   total 392192K, used 253479K [0x0000000701c00000, 0x0000000800000000)
  region size 1024K, 2 young (2048K), 2 survivors (2048K)
 Metaspace       used 47338K, capacity 48943K, committed 49024K, reserved 1091584K
  class space    used 5905K, capacity 6516K, committed 6528K, reserved 1048576K
}
Event: 25.798 GC heap before
{Heap before GC invocations=54 (full 0):
 garbage-first heap   total 392192K, used 276007K [0x0000000701c00000, 0x0000000800000000)
  region size 1024K, 3 young (3072K), 2 survivors (2048K)
 Metaspace       used 47338K, capacity 48943K, committed 49024K, reserved 1091584K
  class space    used 5905K, capacity 6516K, committed 6528K, reserved 1048576K
}
Event: 25.799 GC heap after
{Heap after GC invocations=55 (full 0):
 garbage-first heap   total 392192K, used 231119K [0x0000000701c00000, 0x0000000800000000)
  region size 1024K, 2 young (2048K), 2 survivors (2048K)
 Metaspace       used 47338K, capacity 48943K, committed 49024K, reserved 1091584K
  class space    used 5905K, capacity 6516K, committed 6528K, reserved 1048576K
}
Event: 25.841 GC heap before
{Heap before GC invocations=56 (full 0):
 garbage-first heap   total 392192K, used 236239K [0x0000000701c00000, 0x0000000800000000)
  region size 1024K, 4 young (4096K), 2 survivors (2048K)
 Metaspace       used 47338K, capacity 48943K, committed 49024K, reserved 1091584K
  class space    used 5905K, capacity 6516K, committed 6528K, reserved 1048576K
}
Event: 25.843 GC heap after
{Heap after GC invocations=57 (full 0):
 garbage-first heap   total 392192K, used 236015K [0x0000000701c00000, 0x0000000800000000)
  region size 1024K, 3 young (3072K), 3 survivors (3072K)
 Metaspace       used 47338K, capacity 48943K, committed 49024K, reserved 1091584K
  class space    used 5905K, capacity 6516K, committed 6528K, reserved 1048576K
}
Event: 42.428 GC heap before
{Heap before GC invocations=58 (full 0):
 garbage-first heap   total 392192K, used 293359K [0x0000000701c00000, 0x0000000800000000)
  region size 1024K, 57 young (58368K), 3 survivors (3072K)
 Metaspace       used 47767K, capacity 49385K, committed 49664K, reserved 1091584K
  class space    used 5964K, capacity 6620K, committed 6656K, reserved 1048576K
}
Event: 42.454 GC heap after
{Heap after GC invocations=59 (full 0):
 garbage-first heap   total 392192K, used 237251K [0x0000000701c00000, 0x0000000800000000)
  region size 1024K, 6 young (6144K), 6 survivors (6144K)
 Metaspace       used 47767K, capacity 49385K, committed 49664K, reserved 1091584K
  class space    used 5964K, capacity 6620K, committed 6656K, reserved 1048576K
}
Event: 50.281 GC heap before
{Heap before GC invocations=59 (full 0):
 garbage-first heap   total 392192K, used 297667K [0x0000000701c00000, 0x0000000800000000)
  region size 1024K, 65 young (66560K), 6 survivors (6144K)
 Metaspace       used 47795K, capacity 49452K, committed 49664K, reserved 1091584K
  class space    used 5966K, capacity 6621K, committed 6656K, reserved 1048576K
}
Event: 50.309 GC heap after
{Heap after GC invocations=60 (full 0):
 garbage-first heap   total 392192K, used 237993K [0x0000000701c00000, 0x0000000800000000)
  region size 1024K, 5 young (5120K), 5 survivors (5120K)
 Metaspace       used 47795K, capacity 49452K, committed 49664K, reserved 1091584K
  class space    used 5966K, capacity 6621K, committed 6656K, reserved 1048576K
}
Event: 65.285 GC heap before
{Heap before GC invocations=61 (full 0):
 garbage-first heap   total 392192K, used 304553K [0x0000000701c00000, 0x0000000800000000)
  region size 1024K, 70 young (71680K), 5 survivors (5120K)
 Metaspace       used 47896K, capacity 49552K, committed 49664K, reserved 1091584K
  class space    used 5970K, capacity 6627K, committed 6656K, reserved 1048576K
}
Event: 65.315 GC heap after
{Heap after GC invocations=62 (full 0):
 garbage-first heap   total 392192K, used 239056K [0x0000000701c00000, 0x0000000800000000)
  region size 1024K, 6 young (6144K), 6 survivors (6144K)
 Metaspace       used 47896K, capacity 49552K, committed 49664K, reserved 1091584K
  class space    used 5970K, capacity 6627K, committed 6656K, reserved 1048576K
}
Event: 84.136 GC heap before
{Heap before GC invocations=62 (full 0):
 garbage-first heap   total 392192K, used 309712K [0x0000000701c00000, 0x0000000800000000)
  region size 1024K, 75 young (76800K), 6 survivors (6144K)
 Metaspace       used 47896K, capacity 49552K, committed 49664K, reserved 1091584K
  class space    used 5970K, capacity 6627K, committed 6656K, reserved 1048576K
}
Event: 84.169 GC heap after
{Heap after GC invocations=63 (full 0):
 garbage-first heap   total 392192K, used 239773K [0x0000000701c00000, 0x0000000800000000)
  region size 1024K, 7 young (7168K), 7 survivors (7168K)
 Metaspace       used 47896K, capacity 49552K, committed 49664K, reserved 1091584K
  class space    used 5970K, capacity 6627K, committed 6656K, reserved 1048576K
}
Event: 93.532 GC heap before
{Heap before GC invocations=64 (full 0):
 garbage-first heap   total 392192K, used 314525K [0x0000000701c00000, 0x0000000800000000)
  region size 1024K, 80 young (81920K), 7 survivors (7168K)
 Metaspace       used 47896K, capacity 49552K, committed 49664K, reserved 1091584K
  class space    used 5970K, capacity 6627K, committed 6656K, reserved 1048576K
}
Event: 93.562 GC heap after
{Heap after GC invocations=65 (full 0):
 garbage-first heap   total 392192K, used 239365K [0x0000000701c00000, 0x0000000800000000)
  region size 1024K, 6 young (6144K), 6 survivors (6144K)
 Metaspace       used 47896K, capacity 49552K, committed 49664K, reserved 1091584K
  class space    used 5970K, capacity 6627K, committed 6656K, reserved 1048576K
}
Event: 103.068 GC heap before
{Heap before GC invocations=65 (full 0):
 garbage-first heap   total 392192K, used 319237K [0x0000000701c00000, 0x0000000800000000)
  region size 1024K, 84 young (86016K), 6 survivors (6144K)
 Metaspace       used 47896K, capacity 49552K, committed 49664K, reserved 1091584K
  class space    used 5970K, capacity 6627K, committed 6656K, reserved 1048576K
}
Event: 103.102 GC heap after
{Heap after GC invocations=66 (full 0):
 garbage-first heap   total 392192K, used 240119K [0x0000000701c00000, 0x0000000800000000)
  region size 1024K, 7 young (7168K), 7 survivors (7168K)
 Metaspace       used 47896K, capacity 49552K, committed 49664K, reserved 1091584K
  class space    used 5970K, capacity 6627K, committed 6656K, reserved 1048576K
}

