# JRE version: OpenJDK Runtime Environment (11.0.6+10) (build 11.0.6+10-LTS)
# Java VM: OpenJDK 64-Bit Server VM (11.0.6+10-LTS, mixed mode, tiered, compressed oops, g1 gc, linux-amd64)
Heap:
 garbage-first heap   total 126976K, used 41702K [0x0000000085600000, 0x0000000100000000)
  region size 1024K, 18 young (18432K), 4 survivors (4096K)
 Metaspace       used 51553K, capacity 53060K, committed 53580K, reserved 1095680K
  class space    used 6143K, capacity 6696K, committed 6732K, reserved 1048576K
GC Heap History (20 events):
Event: 6,800 GC heap before
{Heap before GC invocations=4 (full 0):
 garbage-first heap   total 126976K, used 33309K [0x0000000085600000, 0x0000000100000000)
  region size 1024K, 27 young (27648K), 3 survivors (3072K)
 Metaspace       used 20599K, capacity 21206K, committed 21296K, reserved 1069056K
  class space    used 2446K, capacity 2675K, committed 2688K, reserved 1048576K
}
Event: 6,807 GC heap after
{Heap after GC invocations=5 (full 0):
 garbage-first heap   total 126976K, used 10496K [0x0000000085600000, 0x0000000100000000)
  region size 1024K, 4 young (4096K), 4 survivors (4096K)
 Metaspace       used 20599K, capacity 21206K, committed 21296K, reserved 1069056K
  class space    used 2446K, capacity 2675K, committed 2688K, reserved 1048576K
}
Event: 9,280 GC heap before
{Heap before GC invocations=6 (full 0):
 garbage-first heap   total 126976K, used 63744K [0x0000000085600000, 0x0000000100000000)
  region size 1024K, 57 young (58368K), 4 survivors (4096K)
 Metaspace       used 26116K, capacity 26973K, committed 27084K, reserved 1073152K
  class space    used 3165K, capacity 3484K, committed 3532K, reserved 1048576K
}
Event: 9,295 GC heap after
{Heap after GC invocations=7 (full 0):
 garbage-first heap   total 126976K, used 11837K [0x0000000085600000, 0x0000000100000000)
  region size 1024K, 5 young (5120K), 5 survivors (5120K)
 Metaspace       used 26116K, capacity 26973K, committed 27084K, reserved 1073152K
  class space    used 3165K, capacity 3484K, committed 3532K, reserved 1048576K
}
Event: 12,013 GC heap before
{Heap before GC invocations=7 (full 0):
 garbage-first heap   total 126976K, used 82493K [0x0000000085600000, 0x0000000100000000)
  region size 1024K, 74 young (75776K), 5 survivors (5120K)
 Metaspace       used 28199K, capacity 29108K, committed 29516K, reserved 1075200K
  class space    used 3483K, capacity 3805K, committed 3916K, reserved 1048576K
}
Event: 12,021 GC heap after
{Heap after GC invocations=8 (full 0):
 garbage-first heap   total 126976K, used 13228K [0x0000000085600000, 0x0000000100000000)
  region size 1024K, 6 young (6144K), 6 survivors (6144K)
 Metaspace       used 28199K, capacity 29108K, committed 29516K, reserved 1075200K
  class space    used 3483K, capacity 3805K, committed 3916K, reserved 1048576K
}
Event: 15,934 GC heap before
{Heap before GC invocations=8 (full 0):
 garbage-first heap   total 126976K, used 82860K [0x0000000085600000, 0x0000000100000000)
  region size 1024K, 74 young (75776K), 6 survivors (6144K)
 Metaspace       used 34680K, capacity 35839K, committed 36044K, reserved 1081344K
  class space    used 4310K, capacity 4762K, committed 4812K, reserved 1048576K
}
Event: 15,941 GC heap after
{Heap after GC invocations=9 (full 0):
 garbage-first heap   total 126976K, used 15852K [0x0000000085600000, 0x0000000100000000)
  region size 1024K, 8 young (8192K), 8 survivors (8192K)
 Metaspace       used 34680K, capacity 35839K, committed 36044K, reserved 1081344K
  class space    used 4310K, capacity 4762K, committed 4812K, reserved 1048576K
}
Event: 15,981 GC heap before
{Heap before GC invocations=9 (full 0):
 garbage-first heap   total 126976K, used 15852K [0x0000000085600000, 0x0000000100000000)
  region size 1024K, 9 young (9216K), 8 survivors (8192K)
 Metaspace       used 34702K, capacity 35839K, committed 36044K, reserved 1081344K
  class space    used 4312K, capacity 4762K, committed 4812K, reserved 1048576K
}
Event: 16,014 GC heap after
{Heap after GC invocations=10 (full 0):
 garbage-first heap   total 126976K, used 15997K [0x0000000085600000, 0x0000000100000000)
  region size 1024K, 5 young (5120K), 5 survivors (5120K)
 Metaspace       used 34702K, capacity 35839K, committed 36044K, reserved 1081344K
  class space    used 4312K, capacity 4762K, committed 4812K, reserved 1048576K
}
Event: 17,914 GC heap before
{Heap before GC invocations=11 (full 0):
 garbage-first heap   total 126976K, used 79485K [0x0000000085600000, 0x0000000100000000)
  region size 1024K, 67 young (68608K), 5 survivors (5120K)
 Metaspace       used 37227K, capacity 38429K, committed 38732K, reserved 1083392K
  class space    used 4660K, capacity 5133K, committed 5196K, reserved 1048576K
}
Event: 17,923 GC heap after
{Heap after GC invocations=12 (full 0):
 garbage-first heap   total 126976K, used 17156K [0x0000000085600000, 0x0000000100000000)
  region size 1024K, 6 young (6144K), 6 survivors (6144K)
 Metaspace       used 37227K, capacity 38429K, committed 38732K, reserved 1083392K
  class space    used 4660K, capacity 5133K, committed 5196K, reserved 1048576K
}
Event: 19,839 GC heap before
{Heap before GC invocations=12 (full 0):
 garbage-first heap   total 126976K, used 84740K [0x0000000085600000, 0x0000000100000000)
  region size 1024K, 72 young (73728K), 6 survivors (6144K)
 Metaspace       used 39783K, capacity 41035K, committed 41164K, reserved 1085440K
  class space    used 5033K, capacity 5529K, committed 5580K, reserved 1048576K
}
Event: 19,863 GC heap after
{Heap after GC invocations=13 (full 0):
 garbage-first heap   total 126976K, used 21732K [0x0000000085600000, 0x0000000100000000)
  region size 1024K, 9 young (9216K), 9 survivors (9216K)
 Metaspace       used 39783K, capacity 41035K, committed 41164K, reserved 1085440K
  class space    used 5033K, capacity 5529K, committed 5580K, reserved 1048576K
}
Event: 23,156 GC heap before
{Heap before GC invocations=13 (full 0):
 garbage-first heap   total 126976K, used 87268K [0x0000000085600000, 0x0000000100000000)
  region size 1024K, 74 young (75776K), 9 survivors (9216K)
 Metaspace       used 46179K, capacity 47644K, committed 47948K, reserved 1091584K
  class space    used 5806K, capacity 6355K, committed 6476K, reserved 1048576K
}
Event: 23,171 GC heap after
{Heap after GC invocations=14 (full 0):
 garbage-first heap   total 126976K, used 27028K [0x0000000085600000, 0x0000000100000000)
  region size 1024K, 10 young (10240K), 10 survivors (10240K)
 Metaspace       used 46179K, capacity 47644K, committed 47948K, reserved 1091584K
  class space    used 5806K, capacity 6355K, committed 6476K, reserved 1048576K
}
Event: 29,099 GC heap before
{Heap before GC invocations=14 (full 0):
 garbage-first heap   total 126976K, used 90516K [0x0000000085600000, 0x0000000100000000)
  region size 1024K, 73 young (74752K), 10 survivors (10240K)
 Metaspace       used 48875K, capacity 50345K, committed 50892K, reserved 1093632K
  class space    used 5956K, capacity 6517K, committed 6604K, reserved 1048576K
}
Event: 29,108 GC heap after
{Heap after GC invocations=15 (full 0):
 garbage-first heap   total 126976K, used 27517K [0x0000000085600000, 0x0000000100000000)
  region size 1024K, 3 young (3072K), 3 survivors (3072K)
 Metaspace       used 48875K, capacity 50345K, committed 50892K, reserved 1093632K
  class space    used 5956K, capacity 6517K, committed 6604K, reserved 1048576K
}
Event: 33,900 GC heap before
{Heap before GC invocations=15 (full 0):
 garbage-first heap   total 126976K, used 113533K [0x0000000085600000, 0x0000000100000000)
  region size 1024K, 67 young (68608K), 3 survivors (3072K)
 Metaspace       used 51553K, capacity 53060K, committed 53580K, reserved 1095680K
  class space    used 6143K, capacity 6696K, committed 6732K, reserved 1048576K
}
Event: 33,903 GC heap after
{Heap after GC invocations=16 (full 0):
 garbage-first heap   total 126976K, used 28390K [0x0000000085600000, 0x0000000100000000)
  region size 1024K, 4 young (4096K), 4 survivors (4096K)
 Metaspace       used 51553K, capacity 53060K, committed 53580K, reserved 1095680K
  class space    used 6143K, capacity 6696K, committed 6732K, reserved 1048576K
}

