# JRE version: OpenJDK Runtime Environment (11.0.6+8) (build 11.0.6+8-b520.66)
# Java VM: OpenJDK 64-Bit Server VM (11.0.6+8-b520.66, mixed mode, sharing, tiered, compressed oops, g1 gc, windows-amd64)
Heap:
 garbage-first heap   total 178176K, used 128722K [0x0000000081c00000, 0x0000000100000000)
  region size 1024K, 18 young (18432K), 2 survivors (2048K)
 Metaspace       used 39814K, capacity 41243K, committed 41468K, reserved 1085440K
  class space    used 5003K, capacity 5635K, committed 5708K, reserved 1048576K
GC Heap History (20 events):
Event: 14.886 GC heap before
{Heap before GC invocations=23 (full 0):
 garbage-first heap   total 178176K, used 80118K [0x0000000081c00000, 0x0000000100000000)
  region size 1024K, 3 young (3072K), 2 survivors (2048K)
 Metaspace       used 39649K, capacity 41106K, committed 41468K, reserved 1085440K
  class space    used 4981K, capacity 5589K, committed 5708K, reserved 1048576K
}
Event: 14.887 GC heap after
{Heap after GC invocations=24 (full 0):
 garbage-first heap   total 178176K, used 80053K [0x0000000081c00000, 0x0000000100000000)
  region size 1024K, 2 young (2048K), 2 survivors (2048K)
 Metaspace       used 39649K, capacity 41106K, committed 41468K, reserved 1085440K
  class space    used 4981K, capacity 5589K, committed 5708K, reserved 1048576K
}
Event: 15.014 GC heap before
{Heap before GC invocations=25 (full 0):
 garbage-first heap   total 178176K, used 87221K [0x0000000081c00000, 0x0000000100000000)
  region size 1024K, 3 young (3072K), 2 survivors (2048K)
 Metaspace       used 39649K, capacity 41106K, committed 41468K, reserved 1085440K
  class space    used 4981K, capacity 5589K, committed 5708K, reserved 1048576K
}
Event: 15.015 GC heap after
{Heap after GC invocations=26 (full 0):
 garbage-first heap   total 178176K, used 72730K [0x0000000081c00000, 0x0000000100000000)
  region size 1024K, 2 young (2048K), 2 survivors (2048K)
 Metaspace       used 39649K, capacity 41106K, committed 41468K, reserved 1085440K
  class space    used 4981K, capacity 5589K, committed 5708K, reserved 1048576K
}
Event: 15.138 GC heap before
{Heap before GC invocations=27 (full 0):
 garbage-first heap   total 178176K, used 100378K [0x0000000081c00000, 0x0000000100000000)
  region size 1024K, 17 young (17408K), 2 survivors (2048K)
 Metaspace       used 39649K, capacity 41106K, committed 41468K, reserved 1085440K
  class space    used 4981K, capacity 5589K, committed 5708K, reserved 1048576K
}
Event: 15.139 GC heap after
{Heap after GC invocations=28 (full 0):
 garbage-first heap   total 178176K, used 86810K [0x0000000081c00000, 0x0000000100000000)
  region size 1024K, 3 young (3072K), 3 survivors (3072K)
 Metaspace       used 39649K, capacity 41106K, committed 41468K, reserved 1085440K
  class space    used 4981K, capacity 5589K, committed 5708K, reserved 1048576K
}
Event: 15.304 GC heap before
{Heap before GC invocations=29 (full 0):
 garbage-first heap   total 178176K, used 100122K [0x0000000081c00000, 0x0000000100000000)
  region size 1024K, 4 young (4096K), 3 survivors (3072K)
 Metaspace       used 39649K, capacity 41106K, committed 41468K, reserved 1085440K
  class space    used 4981K, capacity 5589K, committed 5708K, reserved 1048576K
}
Event: 15.305 GC heap after
{Heap after GC invocations=30 (full 0):
 garbage-first heap   total 178176K, used 99322K [0x0000000081c00000, 0x0000000100000000)
  region size 1024K, 2 young (2048K), 2 survivors (2048K)
 Metaspace       used 39649K, capacity 41106K, committed 41468K, reserved 1085440K
  class space    used 4981K, capacity 5589K, committed 5708K, reserved 1048576K
}
Event: 15.549 GC heap before
{Heap before GC invocations=31 (full 0):
 garbage-first heap   total 178176K, used 112634K [0x0000000081c00000, 0x0000000100000000)
  region size 1024K, 3 young (3072K), 2 survivors (2048K)
 Metaspace       used 39649K, capacity 41106K, committed 41468K, reserved 1085440K
  class space    used 4981K, capacity 5589K, committed 5708K, reserved 1048576K
}
Event: 15.550 GC heap after
{Heap after GC invocations=32 (full 0):
 garbage-first heap   total 178176K, used 86200K [0x0000000081c00000, 0x0000000100000000)
  region size 1024K, 2 young (2048K), 2 survivors (2048K)
 Metaspace       used 39649K, capacity 41106K, committed 41468K, reserved 1085440K
  class space    used 4981K, capacity 5589K, committed 5708K, reserved 1048576K
}
Event: 15.657 GC heap before
{Heap before GC invocations=33 (full 0):
 garbage-first heap   total 178176K, used 112824K [0x0000000081c00000, 0x0000000100000000)
  region size 1024K, 16 young (16384K), 2 survivors (2048K)
 Metaspace       used 39717K, capacity 41114K, committed 41468K, reserved 1085440K
  class space    used 4991K, capacity 5592K, committed 5708K, reserved 1048576K
}
Event: 15.658 GC heap after
{Heap after GC invocations=34 (full 0):
 garbage-first heap   total 178176K, used 99662K [0x0000000081c00000, 0x0000000100000000)
  region size 1024K, 2 young (2048K), 2 survivors (2048K)
 Metaspace       used 39717K, capacity 41114K, committed 41468K, reserved 1085440K
  class space    used 4991K, capacity 5592K, committed 5708K, reserved 1048576K
}
Event: 15.669 GC heap before
{Heap before GC invocations=34 (full 0):
 garbage-first heap   total 178176K, used 102734K [0x0000000081c00000, 0x0000000100000000)
  region size 1024K, 6 young (6144K), 2 survivors (2048K)
 Metaspace       used 39719K, capacity 41120K, committed 41468K, reserved 1085440K
  class space    used 4991K, capacity 5594K, committed 5708K, reserved 1048576K
}
Event: 15.670 GC heap after
{Heap after GC invocations=35 (full 0):
 garbage-first heap   total 178176K, used 99587K [0x0000000081c00000, 0x0000000100000000)
  region size 1024K, 2 young (2048K), 2 survivors (2048K)
 Metaspace       used 39719K, capacity 41120K, committed 41468K, reserved 1085440K
  class space    used 4991K, capacity 5594K, committed 5708K, reserved 1048576K
}
Event: 15.800 GC heap before
{Heap before GC invocations=36 (full 0):
 garbage-first heap   total 178176K, used 135427K [0x0000000081c00000, 0x0000000100000000)
  region size 1024K, 25 young (25600K), 2 survivors (2048K)
 Metaspace       used 39727K, capacity 41126K, committed 41468K, reserved 1085440K
  class space    used 4992K, capacity 5596K, committed 5708K, reserved 1048576K
}
Event: 15.801 GC heap after
{Heap after GC invocations=37 (full 0):
 garbage-first heap   total 178176K, used 113034K [0x0000000081c00000, 0x0000000100000000)
  region size 1024K, 2 young (2048K), 2 survivors (2048K)
 Metaspace       used 39727K, capacity 41126K, committed 41468K, reserved 1085440K
  class space    used 4992K, capacity 5596K, committed 5708K, reserved 1048576K
}
Event: 15.833 GC heap before
{Heap before GC invocations=37 (full 0):
 garbage-first heap   total 178176K, used 116106K [0x0000000081c00000, 0x0000000100000000)
  region size 1024K, 6 young (6144K), 2 survivors (2048K)
 Metaspace       used 39727K, capacity 41126K, committed 41468K, reserved 1085440K
  class space    used 4992K, capacity 5596K, committed 5708K, reserved 1048576K
}
Event: 15.834 GC heap after
{Heap after GC invocations=38 (full 0):
 garbage-first heap   total 178176K, used 113344K [0x0000000081c00000, 0x0000000100000000)
  region size 1024K, 2 young (2048K), 2 survivors (2048K)
 Metaspace       used 39727K, capacity 41126K, committed 41468K, reserved 1085440K
  class space    used 4992K, capacity 5596K, committed 5708K, reserved 1048576K
}
Event: 15.973 GC heap before
{Heap before GC invocations=39 (full 0):
 garbage-first heap   total 178176K, used 145088K [0x0000000081c00000, 0x0000000100000000)
  region size 1024K, 20 young (20480K), 2 survivors (2048K)
 Metaspace       used 39729K, capacity 41129K, committed 41468K, reserved 1085440K
  class space    used 4993K, capacity 5597K, committed 5708K, reserved 1048576K
}
Event: 15.974 GC heap after
{Heap after GC invocations=40 (full 0):
 garbage-first heap   total 178176K, used 113362K [0x0000000081c00000, 0x0000000100000000)
  region size 1024K, 2 young (2048K), 2 survivors (2048K)
 Metaspace       used 39729K, capacity 41129K, committed 41468K, reserved 1085440K
  class space    used 4993K, capacity 5597K, committed 5708K, reserved 1048576K
}

