# JRE version: OpenJDK Runtime Environment (11.0.6+10) (build 11.0.6+10-LTS)
# Java VM: OpenJDK 64-Bit Server VM (11.0.6+10-LTS, mixed mode, tiered, compressed oops, g1 gc, linux-amd64)
Heap:
 garbage-first heap   total 190464K, used 64968K [0x0000000085600000, 0x0000000100000000)
  region size 1024K, 57 young (58368K), 8 survivors (8192K)
 Metaspace       used 41203K, capacity 42544K, committed 42832K, reserved 1087488K
  class space    used 5158K, capacity 5671K, committed 5760K, reserved 1048576K
GC Heap History (18 events):
Event: 1,192 GC heap before
{Heap before GC invocations=0 (full 0):
 garbage-first heap   total 126976K, used 13312K [0x0000000085600000, 0x0000000100000000)
  region size 1024K, 14 young (14336K), 0 survivors (0K)
 Metaspace       used 11365K, capacity 11677K, committed 11904K, reserved 1060864K
  class space    used 1179K, capacity 1296K, committed 1408K, reserved 1048576K
}
Event: 1,213 GC heap after
{Heap after GC invocations=1 (full 0):
 garbage-first heap   total 126976K, used 5051K [0x0000000085600000, 0x0000000100000000)
  region size 1024K, 2 young (2048K), 2 survivors (2048K)
 Metaspace       used 11365K, capacity 11677K, committed 11904K, reserved 1060864K
  class space    used 1179K, capacity 1296K, committed 1408K, reserved 1048576K
}
Event: 1,640 GC heap before
{Heap before GC invocations=1 (full 0):
 garbage-first heap   total 126976K, used 10171K [0x0000000085600000, 0x0000000100000000)
  region size 1024K, 7 young (7168K), 2 survivors (2048K)
 Metaspace       used 13198K, capacity 13567K, committed 13824K, reserved 1060864K
  class space    used 1370K, capacity 1498K, committed 1536K, reserved 1048576K
}
Event: 1,647 GC heap after
{Heap after GC invocations=2 (full 0):
 garbage-first heap   total 126976K, used 6023K [0x0000000085600000, 0x0000000100000000)
  region size 1024K, 1 young (1024K), 1 survivors (1024K)
 Metaspace       used 13198K, capacity 13567K, committed 13824K, reserved 1060864K
  class space    used 1370K, capacity 1498K, committed 1536K, reserved 1048576K
}
Event: 2,188 GC heap before
{Heap before GC invocations=2 (full 0):
 garbage-first heap   total 126976K, used 27527K [0x0000000085600000, 0x0000000100000000)
  region size 1024K, 22 young (22528K), 1 survivors (1024K)
 Metaspace       used 15293K, capacity 15731K, committed 16000K, reserved 1062912K
  class space    used 1651K, capacity 1803K, committed 1920K, reserved 1048576K
}
Event: 2,225 GC heap after
{Heap after GC invocations=3 (full 0):
 garbage-first heap   total 126976K, used 6859K [0x0000000085600000, 0x0000000100000000)
  region size 1024K, 2 young (2048K), 2 survivors (2048K)
 Metaspace       used 15293K, capacity 15731K, committed 16000K, reserved 1062912K
  class space    used 1651K, capacity 1803K, committed 1920K, reserved 1048576K
}
Event: 2,734 GC heap before
{Heap before GC invocations=3 (full 0):
 garbage-first heap   total 126976K, used 39627K [0x0000000085600000, 0x0000000100000000)
  region size 1024K, 34 young (34816K), 2 survivors (2048K)
 Metaspace       used 19091K, capacity 19725K, committed 20096K, reserved 1067008K
  class space    used 2157K, capacity 2361K, committed 2432K, reserved 1048576K
}
Event: 2,740 GC heap after
{Heap after GC invocations=4 (full 0):
 garbage-first heap   total 126976K, used 7893K [0x0000000085600000, 0x0000000100000000)
  region size 1024K, 3 young (3072K), 3 survivors (3072K)
 Metaspace       used 19091K, capacity 19725K, committed 20096K, reserved 1067008K
  class space    used 2157K, capacity 2361K, committed 2432K, reserved 1048576K
}
Event: 2,865 GC heap before
{Heap before GC invocations=4 (full 0):
 garbage-first heap   total 126976K, used 20181K [0x0000000085600000, 0x0000000100000000)
  region size 1024K, 16 young (16384K), 3 survivors (3072K)
 Metaspace       used 20460K, capacity 21154K, committed 21296K, reserved 1069056K
  class space    used 2455K, capacity 2688K, committed 2688K, reserved 1048576K
}
Event: 2,871 GC heap after
{Heap after GC invocations=5 (full 0):
 garbage-first heap   total 152576K, used 8426K [0x0000000085600000, 0x0000000100000000)
  region size 1024K, 4 young (4096K), 4 survivors (4096K)
 Metaspace       used 20460K, capacity 21154K, committed 21296K, reserved 1069056K
  class space    used 2455K, capacity 2688K, committed 2688K, reserved 1048576K
}
Event: 5,001 GC heap before
{Heap before GC invocations=6 (full 0):
 garbage-first heap   total 152576K, used 61674K [0x0000000085600000, 0x0000000100000000)
  region size 1024K, 56 young (57344K), 4 survivors (4096K)
 Metaspace       used 26127K, capacity 26973K, committed 27392K, reserved 1073152K
  class space    used 3170K, capacity 3484K, committed 3584K, reserved 1048576K
}
Event: 5,022 GC heap after
{Heap after GC invocations=7 (full 0):
 garbage-first heap   total 152576K, used 9806K [0x0000000085600000, 0x0000000100000000)
  region size 1024K, 5 young (5120K), 5 survivors (5120K)
 Metaspace       used 26127K, capacity 26973K, committed 27392K, reserved 1073152K
  class space    used 3170K, capacity 3484K, committed 3584K, reserved 1048576K
}
Event: 6,843 GC heap before
{Heap before GC invocations=7 (full 0):
 garbage-first heap   total 152576K, used 92750K [0x0000000085600000, 0x0000000100000000)
  region size 1024K, 86 young (88064K), 5 survivors (5120K)
 Metaspace       used 29743K, capacity 30739K, committed 30976K, reserved 1077248K
  class space    used 3678K, capacity 4072K, committed 4096K, reserved 1048576K
}
Event: 6,871 GC heap after
{Heap after GC invocations=8 (full 0):
 garbage-first heap   total 152576K, used 11664K [0x0000000085600000, 0x0000000100000000)
  region size 1024K, 7 young (7168K), 7 survivors (7168K)
 Metaspace       used 29743K, capacity 30739K, committed 30976K, reserved 1077248K
  class space    used 3678K, capacity 4072K, committed 4096K, reserved 1048576K
}
Event: 8,373 GC heap before
{Heap before GC invocations=8 (full 0):
 garbage-first heap   total 152576K, used 65936K [0x0000000085600000, 0x0000000100000000)
  region size 1024K, 61 young (62464K), 7 survivors (7168K)
 Metaspace       used 34760K, capacity 35865K, committed 36048K, reserved 1081344K
  class space    used 4317K, capacity 4754K, committed 4864K, reserved 1048576K
}
Event: 8,417 GC heap after
{Heap after GC invocations=9 (full 0):
 garbage-first heap   total 152576K, used 14108K [0x0000000085600000, 0x0000000100000000)
  region size 1024K, 8 young (8192K), 8 survivors (8192K)
 Metaspace       used 34760K, capacity 35865K, committed 36048K, reserved 1081344K
  class space    used 4317K, capacity 4754K, committed 4864K, reserved 1048576K
}
Event: 9,516 GC heap before
{Heap before GC invocations=10 (full 0):
 garbage-first heap   total 152576K, used 97052K [0x0000000085600000, 0x0000000100000000)
  region size 1024K, 89 young (91136K), 8 survivors (8192K)
 Metaspace       used 37659K, capacity 38865K, committed 38992K, reserved 1083392K
  class space    used 4729K, capacity 5199K, committed 5248K, reserved 1048576K
}
Event: 9,572 GC heap after
{Heap after GC invocations=11 (full 0):
 garbage-first heap   total 190464K, used 15816K [0x0000000085600000, 0x0000000100000000)
  region size 1024K, 8 young (8192K), 8 survivors (8192K)
 Metaspace       used 37659K, capacity 38865K, committed 38992K, reserved 1083392K
  class space    used 4729K, capacity 5199K, committed 5248K, reserved 1048576K
}

