# JRE version: OpenJDK Runtime Environment (11.0.6+8) (build 11.0.6+8-b520.66)
# Java VM: OpenJDK 64-Bit Server VM (11.0.6+8-b520.66, mixed mode, sharing, tiered, compressed oops, g1 gc, windows-amd64)
Heap:
 garbage-first heap   total 315392K, used 272707K [0x0000000081c00000, 0x0000000100000000)
  region size 1024K, 36 young (36864K), 2 survivors (2048K)
 Metaspace       used 47980K, capacity 49584K, committed 49744K, reserved 1093632K
  class space    used 6007K, capacity 6637K, committed 6656K, reserved 1048576K
GC Heap History (20 events):
Event: 603.136 GC heap before
{Heap before GC invocations=583 (full 0):
 garbage-first heap   total 315392K, used 278832K [0x0000000081c00000, 0x0000000100000000)
  region size 1024K, 41 young (41984K), 2 survivors (2048K)
 Metaspace       used 47980K, capacity 49584K, committed 49744K, reserved 1093632K
  class space    used 6007K, capacity 6637K, committed 6656K, reserved 1048576K
}
Event: 603.142 GC heap after
{Heap after GC invocations=584 (full 0):
 garbage-first heap   total 315392K, used 238886K [0x0000000081c00000, 0x0000000100000000)
  region size 1024K, 2 young (2048K), 2 survivors (2048K)
 Metaspace       used 47980K, capacity 49584K, committed 49744K, reserved 1093632K
  class space    used 6007K, capacity 6637K, committed 6656K, reserved 1048576K
}
Event: 606.190 GC heap before
{Heap before GC invocations=585 (full 0):
 garbage-first heap   total 315392K, used 278822K [0x0000000081c00000, 0x0000000100000000)
  region size 1024K, 41 young (41984K), 2 survivors (2048K)
 Metaspace       used 47980K, capacity 49584K, committed 49744K, reserved 1093632K
  class space    used 6007K, capacity 6637K, committed 6656K, reserved 1048576K
}
Event: 606.199 GC heap after
{Heap after GC invocations=586 (full 0):
 garbage-first heap   total 315392K, used 238962K [0x0000000081c00000, 0x0000000100000000)
  region size 1024K, 2 young (2048K), 2 survivors (2048K)
 Metaspace       used 47980K, capacity 49584K, committed 49744K, reserved 1093632K
  class space    used 6007K, capacity 6637K, committed 6656K, reserved 1048576K
}
Event: 609.274 GC heap before
{Heap before GC invocations=586 (full 0):
 garbage-first heap   total 315392K, used 278898K [0x0000000081c00000, 0x0000000100000000)
  region size 1024K, 41 young (41984K), 2 survivors (2048K)
 Metaspace       used 47980K, capacity 49584K, committed 49744K, reserved 1093632K
  class space    used 6007K, capacity 6637K, committed 6656K, reserved 1048576K
}
Event: 609.284 GC heap after
{Heap after GC invocations=587 (full 0):
 garbage-first heap   total 315392K, used 238984K [0x0000000081c00000, 0x0000000100000000)
  region size 1024K, 2 young (2048K), 2 survivors (2048K)
 Metaspace       used 47980K, capacity 49584K, committed 49744K, reserved 1093632K
  class space    used 6007K, capacity 6637K, committed 6656K, reserved 1048576K
}
Event: 612.444 GC heap before
{Heap before GC invocations=588 (full 0):
 garbage-first heap   total 315392K, used 278920K [0x0000000081c00000, 0x0000000100000000)
  region size 1024K, 41 young (41984K), 2 survivors (2048K)
 Metaspace       used 47980K, capacity 49584K, committed 49744K, reserved 1093632K
  class space    used 6007K, capacity 6637K, committed 6656K, reserved 1048576K
}
Event: 612.451 GC heap after
{Heap after GC invocations=589 (full 0):
 garbage-first heap   total 315392K, used 239075K [0x0000000081c00000, 0x0000000100000000)
  region size 1024K, 2 young (2048K), 2 survivors (2048K)
 Metaspace       used 47980K, capacity 49584K, committed 49744K, reserved 1093632K
  class space    used 6007K, capacity 6637K, committed 6656K, reserved 1048576K
}
Event: 615.619 GC heap before
{Heap before GC invocations=589 (full 0):
 garbage-first heap   total 315392K, used 279011K [0x0000000081c00000, 0x0000000100000000)
  region size 1024K, 41 young (41984K), 2 survivors (2048K)
 Metaspace       used 47980K, capacity 49584K, committed 49744K, reserved 1093632K
  class space    used 6007K, capacity 6637K, committed 6656K, reserved 1048576K
}
Event: 615.635 GC heap after
{Heap after GC invocations=590 (full 0):
 garbage-first heap   total 315392K, used 239003K [0x0000000081c00000, 0x0000000100000000)
  region size 1024K, 2 young (2048K), 2 survivors (2048K)
 Metaspace       used 47980K, capacity 49584K, committed 49744K, reserved 1093632K
  class space    used 6007K, capacity 6637K, committed 6656K, reserved 1048576K
}
Event: 618.818 GC heap before
{Heap before GC invocations=591 (full 0):
 garbage-first heap   total 315392K, used 278939K [0x0000000081c00000, 0x0000000100000000)
  region size 1024K, 41 young (41984K), 2 survivors (2048K)
 Metaspace       used 47980K, capacity 49584K, committed 49744K, reserved 1093632K
  class space    used 6007K, capacity 6637K, committed 6656K, reserved 1048576K
}
Event: 618.824 GC heap after
{Heap after GC invocations=592 (full 0):
 garbage-first heap   total 315392K, used 238919K [0x0000000081c00000, 0x0000000100000000)
  region size 1024K, 2 young (2048K), 2 survivors (2048K)
 Metaspace       used 47980K, capacity 49584K, committed 49744K, reserved 1093632K
  class space    used 6007K, capacity 6637K, committed 6656K, reserved 1048576K
}
Event: 622.034 GC heap before
{Heap before GC invocations=592 (full 0):
 garbage-first heap   total 315392K, used 278855K [0x0000000081c00000, 0x0000000100000000)
  region size 1024K, 41 young (41984K), 2 survivors (2048K)
 Metaspace       used 47980K, capacity 49584K, committed 49744K, reserved 1093632K
  class space    used 6007K, capacity 6637K, committed 6656K, reserved 1048576K
}
Event: 622.043 GC heap after
{Heap after GC invocations=593 (full 0):
 garbage-first heap   total 315392K, used 239006K [0x0000000081c00000, 0x0000000100000000)
  region size 1024K, 2 young (2048K), 2 survivors (2048K)
 Metaspace       used 47980K, capacity 49584K, committed 49744K, reserved 1093632K
  class space    used 6007K, capacity 6637K, committed 6656K, reserved 1048576K
}
Event: 625.454 GC heap before
{Heap before GC invocations=594 (full 0):
 garbage-first heap   total 315392K, used 278942K [0x0000000081c00000, 0x0000000100000000)
  region size 1024K, 41 young (41984K), 2 survivors (2048K)
 Metaspace       used 47980K, capacity 49584K, committed 49744K, reserved 1093632K
  class space    used 6007K, capacity 6637K, committed 6656K, reserved 1048576K
}
Event: 625.461 GC heap after
{Heap after GC invocations=595 (full 0):
 garbage-first heap   total 315392K, used 238840K [0x0000000081c00000, 0x0000000100000000)
  region size 1024K, 2 young (2048K), 2 survivors (2048K)
 Metaspace       used 47980K, capacity 49584K, committed 49744K, reserved 1093632K
  class space    used 6007K, capacity 6637K, committed 6656K, reserved 1048576K
}
Event: 628.534 GC heap before
{Heap before GC invocations=595 (full 0):
 garbage-first heap   total 315392K, used 278776K [0x0000000081c00000, 0x0000000100000000)
  region size 1024K, 41 young (41984K), 2 survivors (2048K)
 Metaspace       used 47980K, capacity 49584K, committed 49744K, reserved 1093632K
  class space    used 6007K, capacity 6637K, committed 6656K, reserved 1048576K
}
Event: 628.540 GC heap after
{Heap after GC invocations=596 (full 0):
 garbage-first heap   total 315392K, used 238917K [0x0000000081c00000, 0x0000000100000000)
  region size 1024K, 2 young (2048K), 2 survivors (2048K)
 Metaspace       used 47980K, capacity 49584K, committed 49744K, reserved 1093632K
  class space    used 6007K, capacity 6637K, committed 6656K, reserved 1048576K
}
Event: 631.799 GC heap before
{Heap before GC invocations=597 (full 0):
 garbage-first heap   total 315392K, used 278853K [0x0000000081c00000, 0x0000000100000000)
  region size 1024K, 41 young (41984K), 2 survivors (2048K)
 Metaspace       used 47980K, capacity 49584K, committed 49744K, reserved 1093632K
  class space    used 6007K, capacity 6637K, committed 6656K, reserved 1048576K
}
Event: 631.804 GC heap after
{Heap after GC invocations=598 (full 0):
 garbage-first heap   total 315392K, used 238915K [0x0000000081c00000, 0x0000000100000000)
  region size 1024K, 2 young (2048K), 2 survivors (2048K)
 Metaspace       used 47980K, capacity 49584K, committed 49744K, reserved 1093632K
  class space    used 6007K, capacity 6637K, committed 6656K, reserved 1048576K
}

