# JRE version: OpenJDK Runtime Environment (11.0.6+8) (build 11.0.6+8-b520.66)
# Java VM: OpenJDK 64-Bit Server VM (11.0.6+8-b520.66, mixed mode, sharing, tiered, compressed oops, g1 gc, windows-amd64)
Heap:
 garbage-first heap   total 290816K, used 186658K [0x0000000081c00000, 0x0000000100000000)
  region size 1024K, 16 young (16384K), 1 survivors (1024K)
 Metaspace       used 39908K, capacity 41382K, committed 41600K, reserved 1085440K
  class space    used 5015K, capacity 5638K, committed 5760K, reserved 1048576K
GC Heap History (20 events):
Event: 9.305 GC heap before
{Heap before GC invocations=43 (full 0):
 garbage-first heap   total 227328K, used 113133K [0x0000000081c00000, 0x0000000100000000)
  region size 1024K, 4 young (4096K), 3 survivors (3072K)
 Metaspace       used 39696K, capacity 41183K, committed 41472K, reserved 1085440K
  class space    used 4984K, capacity 5551K, committed 5632K, reserved 1048576K
}
Event: 9.306 GC heap after
{Heap after GC invocations=44 (full 0):
 garbage-first heap   total 227328K, used 104505K [0x0000000081c00000, 0x0000000100000000)
  region size 1024K, 2 young (2048K), 2 survivors (2048K)
 Metaspace       used 39696K, capacity 41183K, committed 41472K, reserved 1085440K
  class space    used 4984K, capacity 5551K, committed 5632K, reserved 1048576K
}
Event: 9.409 GC heap before
{Heap before GC invocations=45 (full 0):
 garbage-first heap   total 227328K, used 113721K [0x0000000081c00000, 0x0000000100000000)
  region size 1024K, 3 young (3072K), 2 survivors (2048K)
 Metaspace       used 39696K, capacity 41183K, committed 41472K, reserved 1085440K
  class space    used 4984K, capacity 5551K, committed 5632K, reserved 1048576K
}
Event: 9.411 GC heap after
{Heap after GC invocations=46 (full 0):
 garbage-first heap   total 227328K, used 113992K [0x0000000081c00000, 0x0000000100000000)
  region size 1024K, 2 young (2048K), 2 survivors (2048K)
 Metaspace       used 39696K, capacity 41183K, committed 41472K, reserved 1085440K
  class space    used 4984K, capacity 5551K, committed 5632K, reserved 1048576K
}
Event: 9.621 GC heap before
{Heap before GC invocations=47 (full 0):
 garbage-first heap   total 227328K, used 124232K [0x0000000081c00000, 0x0000000100000000)
  region size 1024K, 4 young (4096K), 2 survivors (2048K)
 Metaspace       used 39696K, capacity 41183K, committed 41472K, reserved 1085440K
  class space    used 4984K, capacity 5551K, committed 5632K, reserved 1048576K
}
Event: 9.622 GC heap after
{Heap after GC invocations=48 (full 0):
 garbage-first heap   total 227328K, used 104980K [0x0000000081c00000, 0x0000000100000000)
  region size 1024K, 2 young (2048K), 2 survivors (2048K)
 Metaspace       used 39696K, capacity 41183K, committed 41472K, reserved 1085440K
  class space    used 4984K, capacity 5551K, committed 5632K, reserved 1048576K
}
Event: 9.677 GC heap before
{Heap before GC invocations=49 (full 0):
 garbage-first heap   total 227328K, used 114196K [0x0000000081c00000, 0x0000000100000000)
  region size 1024K, 7 young (7168K), 2 survivors (2048K)
 Metaspace       used 39696K, capacity 41183K, committed 41472K, reserved 1085440K
  class space    used 4984K, capacity 5551K, committed 5632K, reserved 1048576K
}
Event: 9.678 GC heap after
{Heap after GC invocations=50 (full 0):
 garbage-first heap   total 227328K, used 110084K [0x0000000081c00000, 0x0000000100000000)
  region size 1024K, 2 young (2048K), 2 survivors (2048K)
 Metaspace       used 39696K, capacity 41183K, committed 41472K, reserved 1085440K
  class space    used 4984K, capacity 5551K, committed 5632K, reserved 1048576K
}
Event: 9.731 GC heap before
{Heap before GC invocations=51 (full 0):
 garbage-first heap   total 227328K, used 115204K [0x0000000081c00000, 0x0000000100000000)
  region size 1024K, 3 young (3072K), 2 survivors (2048K)
 Metaspace       used 39696K, capacity 41183K, committed 41472K, reserved 1085440K
  class space    used 4984K, capacity 5551K, committed 5632K, reserved 1048576K
}
Event: 9.732 GC heap after
{Heap after GC invocations=52 (full 0):
 garbage-first heap   total 227328K, used 115203K [0x0000000081c00000, 0x0000000100000000)
  region size 1024K, 2 young (2048K), 2 survivors (2048K)
 Metaspace       used 39696K, capacity 41183K, committed 41472K, reserved 1085440K
  class space    used 4984K, capacity 5551K, committed 5632K, reserved 1048576K
}
Event: 9.819 GC heap before
{Heap before GC invocations=53 (full 0):
 garbage-first heap   total 227328K, used 120323K [0x0000000081c00000, 0x0000000100000000)
  region size 1024K, 3 young (3072K), 2 survivors (2048K)
 Metaspace       used 39696K, capacity 41183K, committed 41472K, reserved 1085440K
  class space    used 4984K, capacity 5551K, committed 5632K, reserved 1048576K
}
Event: 9.819 GC heap after
{Heap after GC invocations=54 (full 0):
 garbage-first heap   total 227328K, used 110105K [0x0000000081c00000, 0x0000000100000000)
  region size 1024K, 2 young (2048K), 2 survivors (2048K)
 Metaspace       used 39696K, capacity 41183K, committed 41472K, reserved 1085440K
  class space    used 4984K, capacity 5551K, committed 5632K, reserved 1048576K
}
Event: 9.905 GC heap before
{Heap before GC invocations=55 (full 0):
 garbage-first heap   total 227328K, used 117273K [0x0000000081c00000, 0x0000000100000000)
  region size 1024K, 7 young (7168K), 2 survivors (2048K)
 Metaspace       used 39740K, capacity 41239K, committed 41472K, reserved 1085440K
  class space    used 4992K, capacity 5591K, committed 5632K, reserved 1048576K
}
Event: 9.907 GC heap after
{Heap after GC invocations=56 (full 0):
 garbage-first heap   total 227328K, used 111134K [0x0000000081c00000, 0x0000000100000000)
  region size 1024K, 2 young (2048K), 2 survivors (2048K)
 Metaspace       used 39740K, capacity 41239K, committed 41472K, reserved 1085440K
  class space    used 4992K, capacity 5591K, committed 5632K, reserved 1048576K
}
Event: 10.240 GC heap before
{Heap before GC invocations=57 (full 0):
 garbage-first heap   total 227328K, used 146974K [0x0000000081c00000, 0x0000000100000000)
  region size 1024K, 4 young (4096K), 2 survivors (2048K)
 Metaspace       used 39795K, capacity 41247K, committed 41472K, reserved 1085440K
  class space    used 5000K, capacity 5594K, committed 5632K, reserved 1048576K
}
Event: 10.243 GC heap after
{Heap after GC invocations=58 (full 0):
 garbage-first heap   total 227328K, used 145835K [0x0000000081c00000, 0x0000000100000000)
  region size 1024K, 1 young (1024K), 1 survivors (1024K)
 Metaspace       used 39795K, capacity 41247K, committed 41472K, reserved 1085440K
  class space    used 5000K, capacity 5594K, committed 5632K, reserved 1048576K
}
Event: 10.270 GC heap before
{Heap before GC invocations=58 (full 0):
 garbage-first heap   total 227328K, used 175531K [0x0000000081c00000, 0x0000000100000000)
  region size 1024K, 4 young (4096K), 1 survivors (1024K)
 Metaspace       used 39804K, capacity 41247K, committed 41472K, reserved 1085440K
  class space    used 5000K, capacity 5594K, committed 5632K, reserved 1048576K
}
Event: 10.294 GC heap after
{Heap after GC invocations=59 (full 1):
 garbage-first heap   total 290816K, used 171495K [0x0000000081c00000, 0x0000000100000000)
  region size 1024K, 0 young (0K), 0 survivors (0K)
 Metaspace       used 39804K, capacity 41247K, committed 41472K, reserved 1085440K
  class space    used 5000K, capacity 5594K, committed 5632K, reserved 1048576K
}
Event: 10.741 GC heap before
{Heap before GC invocations=59 (full 1):
 garbage-first heap   total 290816K, used 227815K [0x0000000081c00000, 0x0000000100000000)
  region size 1024K, 55 young (56320K), 0 survivors (0K)
 Metaspace       used 39904K, capacity 41376K, committed 41600K, reserved 1085440K
  class space    used 5014K, capacity 5637K, committed 5760K, reserved 1048576K
}
Event: 10.743 GC heap after
{Heap after GC invocations=60 (full 1):
 garbage-first heap   total 290816K, used 172322K [0x0000000081c00000, 0x0000000100000000)
  region size 1024K, 1 young (1024K), 1 survivors (1024K)
 Metaspace       used 39904K, capacity 41376K, committed 41600K, reserved 1085440K
  class space    used 5014K, capacity 5637K, committed 5760K, reserved 1048576K
}

