# JRE version: Java(TM) SE Runtime Environment (13.0.1+9) (build 13.0.1+9)
# Java VM: Java HotSpot(TM) 64-Bit Server VM (13.0.1+9, mixed mode, sharing, tiered, compressed oops, g1 gc, windows-amd64)
Heap:
 garbage-first heap   total 65536K, used 24462K [0x0000000081c00000, 0x0000000100000000)
  region size 1024K, 9 young (9216K), 3 survivors (3072K)
 Metaspace       used 36353K, capacity 37586K, committed 37888K, reserved 1081344K
  class space    used 4565K, capacity 5030K, committed 5120K, reserved 1048576K
GC Heap History (20 events):
Event: 3.495 GC heap before
{Heap before GC invocations=12 (full 0):
 garbage-first heap   total 45056K, used 34971K [0x0000000081c00000, 0x0000000100000000)
  region size 1024K, 22 young (22528K), 2 survivors (2048K)
 Metaspace       used 27165K, capacity 28171K, committed 28416K, reserved 1073152K
  class space    used 3661K, capacity 4043K, committed 4096K, reserved 1048576K
}
Event: 3.497 GC heap after
{Heap after GC invocations=13 (full 0):
 garbage-first heap   total 45056K, used 15178K [0x0000000081c00000, 0x0000000100000000)
  region size 1024K, 3 young (3072K), 3 survivors (3072K)
 Metaspace       used 27165K, capacity 28171K, committed 28416K, reserved 1073152K
  class space    used 3661K, capacity 4043K, committed 4096K, reserved 1048576K
}
Event: 3.569 GC heap before
{Heap before GC invocations=13 (full 0):
 garbage-first heap   total 45056K, used 34634K [0x0000000081c00000, 0x0000000100000000)
  region size 1024K, 22 young (22528K), 3 survivors (3072K)
 Metaspace       used 27704K, capacity 28698K, committed 29056K, reserved 1075200K
  class space    used 3736K, capacity 4113K, committed 4224K, reserved 1048576K
}
Event: 3.572 GC heap after
{Heap after GC invocations=14 (full 0):
 garbage-first heap   total 54272K, used 15434K [0x0000000081c00000, 0x0000000100000000)
  region size 1024K, 2 young (2048K), 2 survivors (2048K)
 Metaspace       used 27704K, capacity 28698K, committed 29056K, reserved 1075200K
  class space    used 3736K, capacity 4113K, committed 4224K, reserved 1048576K
}
Event: 3.639 GC heap before
{Heap before GC invocations=14 (full 0):
 garbage-first heap   total 54272K, used 41034K [0x0000000081c00000, 0x0000000100000000)
  region size 1024K, 27 young (27648K), 2 survivors (2048K)
 Metaspace       used 28348K, capacity 29358K, committed 29568K, reserved 1075200K
  class space    used 3822K, capacity 4184K, committed 4224K, reserved 1048576K
}
Event: 3.641 GC heap after
{Heap after GC invocations=15 (full 0):
 garbage-first heap   total 54272K, used 15669K [0x0000000081c00000, 0x0000000100000000)
  region size 1024K, 3 young (3072K), 3 survivors (3072K)
 Metaspace       used 28348K, capacity 29358K, committed 29568K, reserved 1075200K
  class space    used 3822K, capacity 4184K, committed 4224K, reserved 1048576K
}
Event: 3.687 GC heap before
{Heap before GC invocations=15 (full 0):
 garbage-first heap   total 54272K, used 40245K [0x0000000081c00000, 0x0000000100000000)
  region size 1024K, 27 young (27648K), 3 survivors (3072K)
 Metaspace       used 28711K, capacity 29756K, committed 29952K, reserved 1075200K
  class space    used 3879K, capacity 4253K, committed 4352K, reserved 1048576K
}
Event: 3.689 GC heap after
{Heap after GC invocations=16 (full 0):
 garbage-first heap   total 54272K, used 15674K [0x0000000081c00000, 0x0000000100000000)
  region size 1024K, 3 young (3072K), 3 survivors (3072K)
 Metaspace       used 28711K, capacity 29756K, committed 29952K, reserved 1075200K
  class space    used 3879K, capacity 4253K, committed 4352K, reserved 1048576K
}
Event: 3.818 GC heap before
{Heap before GC invocations=16 (full 0):
 garbage-first heap   total 54272K, used 40250K [0x0000000081c00000, 0x0000000100000000)
  region size 1024K, 28 young (28672K), 3 survivors (3072K)
 Metaspace       used 29989K, capacity 31031K, committed 31104K, reserved 1075200K
  class space    used 4053K, capacity 4441K, committed 4480K, reserved 1048576K
}
Event: 3.821 GC heap after
{Heap after GC invocations=17 (full 0):
 garbage-first heap   total 54272K, used 16703K [0x0000000081c00000, 0x0000000100000000)
  region size 1024K, 4 young (4096K), 4 survivors (4096K)
 Metaspace       used 29989K, capacity 31031K, committed 31104K, reserved 1075200K
  class space    used 4053K, capacity 4441K, committed 4480K, reserved 1048576K
}
Event: 4.329 GC heap before
{Heap before GC invocations=17 (full 0):
 garbage-first heap   total 54272K, used 42303K [0x0000000081c00000, 0x0000000100000000)
  region size 1024K, 29 young (29696K), 4 survivors (4096K)
 Metaspace       used 31126K, capacity 32241K, committed 32384K, reserved 1077248K
  class space    used 4230K, capacity 4652K, committed 4736K, reserved 1048576K
}
Event: 4.333 GC heap after
{Heap after GC invocations=18 (full 0):
 garbage-first heap   total 54272K, used 17605K [0x0000000081c00000, 0x0000000100000000)
  region size 1024K, 3 young (3072K), 3 survivors (3072K)
 Metaspace       used 31126K, capacity 32241K, committed 32384K, reserved 1077248K
  class space    used 4230K, capacity 4652K, committed 4736K, reserved 1048576K
}
Event: 4.686 GC heap before
{Heap before GC invocations=18 (full 0):
 garbage-first heap   total 54272K, used 38085K [0x0000000081c00000, 0x0000000100000000)
  region size 1024K, 24 young (24576K), 3 survivors (3072K)
 Metaspace       used 34236K, capacity 35438K, committed 35584K, reserved 1079296K
  class space    used 4395K, capacity 4851K, committed 4864K, reserved 1048576K
}
Event: 4.690 GC heap after
{Heap after GC invocations=19 (full 0):
 garbage-first heap   total 65536K, used 18615K [0x0000000081c00000, 0x0000000100000000)
  region size 1024K, 3 young (3072K), 3 survivors (3072K)
 Metaspace       used 34236K, capacity 35438K, committed 35584K, reserved 1079296K
  class space    used 4395K, capacity 4851K, committed 4864K, reserved 1048576K
}
Event: 5.025 GC heap before
{Heap before GC invocations=20 (full 0):
 garbage-first heap   total 65536K, used 49335K [0x0000000081c00000, 0x0000000100000000)
  region size 1024K, 33 young (33792K), 3 survivors (3072K)
 Metaspace       used 34792K, capacity 35951K, committed 36096K, reserved 1081344K
  class space    used 4417K, capacity 4851K, committed 4864K, reserved 1048576K
}
Event: 5.029 GC heap after
{Heap after GC invocations=21 (full 0):
 garbage-first heap   total 65536K, used 18535K [0x0000000081c00000, 0x0000000100000000)
  region size 1024K, 2 young (2048K), 2 survivors (2048K)
 Metaspace       used 34792K, capacity 35951K, committed 36096K, reserved 1081344K
  class space    used 4417K, capacity 4851K, committed 4864K, reserved 1048576K
}
Event: 5.588 GC heap before
{Heap before GC invocations=22 (full 0):
 garbage-first heap   total 65536K, used 49255K [0x0000000081c00000, 0x0000000100000000)
  region size 1024K, 32 young (32768K), 2 survivors (2048K)
 Metaspace       used 35002K, capacity 36196K, committed 36480K, reserved 1081344K
  class space    used 4437K, capacity 4887K, committed 4992K, reserved 1048576K
}
Event: 5.591 GC heap after
{Heap after GC invocations=23 (full 0):
 garbage-first heap   total 65536K, used 18639K [0x0000000081c00000, 0x0000000100000000)
  region size 1024K, 3 young (3072K), 3 survivors (3072K)
 Metaspace       used 35002K, capacity 36196K, committed 36480K, reserved 1081344K
  class space    used 4437K, capacity 4887K, committed 4992K, reserved 1048576K
}
Event: 7.766 GC heap before
{Heap before GC invocations=23 (full 0):
 garbage-first heap   total 65536K, used 48335K [0x0000000081c00000, 0x0000000100000000)
  region size 1024K, 33 young (33792K), 3 survivors (3072K)
 Metaspace       used 36348K, capacity 37586K, committed 37888K, reserved 1081344K
  class space    used 4565K, capacity 5030K, committed 5120K, reserved 1048576K
}
Event: 7.770 GC heap after
{Heap after GC invocations=24 (full 0):
 garbage-first heap   total 65536K, used 19342K [0x0000000081c00000, 0x0000000100000000)
  region size 1024K, 3 young (3072K), 3 survivors (3072K)
 Metaspace       used 36348K, capacity 37586K, committed 37888K, reserved 1081344K
  class space    used 4565K, capacity 5030K, committed 5120K, reserved 1048576K
}

